d:\sintreeautoclassification\win32project1\release\vc140.pdb
d:\sintreeautoclassification\win32project1\release\dllmain.obj
d:\sintreeautoclassification\win32project1\release\win32project1.obj
d:\sintreeautoclassification\win32project1\release\stdafx.obj
d:\sintreeautoclassification\win32project1\release\cvector2.obj
d:\sintreeautoclassification\win32project1\release\cvector.obj
d:\sintreeautoclassification\win32project1\release\matrix4f.obj
d:\sintreeautoclassification\win32project1\release\shapegenerator.obj
d:\sintreeautoclassification\sintreeautoclassification\release\win32project1.dll
d:\sintreeautoclassification\sintreeautoclassification\release\win32project1.ipdb
d:\sintreeautoclassification\sintreeautoclassification\release\win32project1.iobj
d:\sintreeautoclassification\sintreeautoclassification\release\win32project1.pdb
d:\sintreeautoclassification\sintreeautoclassification\release\win32project1.lib
d:\sintreeautoclassification\sintreeautoclassification\release\win32project1.exp
d:\sintreeautoclassification\win32project1\release\win32project1.tlog\cl.command.1.tlog
d:\sintreeautoclassification\win32project1\release\win32project1.tlog\cl.read.1.tlog
d:\sintreeautoclassification\win32project1\release\win32project1.tlog\cl.write.1.tlog
d:\sintreeautoclassification\win32project1\release\win32project1.tlog\link.command.1.tlog
d:\sintreeautoclassification\win32project1\release\win32project1.tlog\link.read.1.tlog
d:\sintreeautoclassification\win32project1\release\win32project1.tlog\link.write.1.tlog
d:\sintreeautoclassification\win32project1\release\win32project1.tlog\win32project1.write.1u.tlog
